<?xml version="1.0" encoding="UTF-8"?>
<!-- Generated by org.testng.reporters.JUnitReportReporter -->
<testsuite hostname="SandraArun" failures="0" tests="1" name="testScript.HomePageTestcase" time="7.629" errors="0" timestamp="2024-12-24T06:52:51 IST" skipped="0">
  <testcase classname="testScript.HomePageTestcase" name="verifyUserisableToLogoutScreen" time="7.629"/>
  <system-out/>
</testsuite> <!-- testScript.HomePageTestcase -->
