<?xml version="1.0" encoding="UTF-8"?>
<!-- Generated by org.testng.reporters.JUnitReportReporter -->
<testsuite hostname="SandraArun" failures="0" tests="1" name="testScript.LoginTestCase" time="7.760" errors="0" timestamp="2024-12-24T06:49:26 IST" skipped="0">
  <testcase classname="testScript.LoginTestCase" name="verifyuserisableToLoginValidCredentials" time="7.760"/>
  <system-out/>
</testsuite> <!-- testScript.LoginTestCase -->
